2025-08-01 08:15:23,123 INFO [main] System startup initiated
2025-08-01 08:15:24,456 DEBUG [main] Loading configuration from config.yaml
2025-08-01 08:15:24,789 INFO [main] Configuration loaded successfully
2025-08-01 08:15:25,012 WARNING [main] Deprecated API version detected: v1.2
2025-08-01 08:15:25,345 ERROR [main] Failed to connect to database: Connection timeout
2025-08-01 08:15:25,678 DEBUG [main] Retrying database connection (attempt 1/3)
2025-08-01 08:15:26,901 INFO [main] Database connection established
2025-08-01 08:15:27,234 DEBUG [main] Initializing cache with size 1024
2025-08-01 08:15:27,567 WARNING [main] Cache size may be insufficient for load
2025-08-01 08:15:28,890 INFO [main] Server started on port 8080
2025-08-01 09:00:01,123 INFO [http-1] Incoming request: GET /api/users
2025-08-01 09:00:01,456 DEBUG [http-1] Query parameters: limit=10, offset=0
2025-08-01 09:00:01,789 ERROR [http-1] Invalid user ID format in request
2025-08-01 09:00:02,012 INFO [http-1] Response sent: 400 Bad Request
2025-08-01 09:15:34,345 DEBUG [worker-1] Processing batch job #1234
2025-08-01 09:15:34,678 WARNING [worker-1] Low memory warning: 75% usage
2025-08-01 09:15:35,901 INFO [worker-1] Batch job #1234 completed
2025-08-01 10:00:12,234 ERROR [worker-2] NullPointerException in processData()
2025-08-01 10:00:12,567 DEBUG [worker-2] Stack trace: java.lang.NullPointerException at com.example.DataProcessor.processData(DataProcessor.java:45)
2025-08-01 10:00:12,890 INFO [worker-2] Retrying job #5678
2025-08-01 12:30:45,123 INFO [main] Scheduled maintenance started
2025-08-01 12:30:45,456 DEBUG [main] Backing up database
2025-08-01 12:30:46,789 WARNING [main] Backup size exceeds threshold: 5GB
2025-08-01 12:30:47,012 INFO [main] Backup completed successfully
2025-08-01 12:45:23,345 ERROR [main] Failed to apply patch: patch_v2.3.1.sql
2025-08-01 12:45:23,678 DEBUG [main] Error details: SQL syntax error near line 45
2025-08-01 12:45:24,901 INFO [main] Rolling back patch application
2025-08-01 13:00:01,234 INFO [http-2] Incoming request: POST /api/orders
2025-08-01 13:00:01,567 DEBUG [http-2] Payload size: 2.3KB
2025-08-01 13:00:01,890 WARNING [http-2] Unrecognized field in payload: discount_code
2025-08-01 13:00:02,123 INFO [http-2] Response sent: 201 Created
2025-08-02 00:15:34,456 ERROR [scheduler] Cron job failed: backup_daily
2025-08-02 00:15:34,789 DEBUG [scheduler] Error: Disk space low (10% remaining)
2025-08-02 00:15:35,012 INFO [scheduler] Notifying admin about backup failure
2025-08-02 01:00:45,345 INFO [monitor] System health check: CPU 85%, Memory 70%
2025-08-02 01:00:45,678 DEBUG [monitor] Detailed metrics: CPU cores: 4, Threads: 16
2025-08-02 01:00:46,901 WARNING [monitor] High CPU usage detected
2025-08-02 02:30:12,234 INFO [http-3] Incoming request: GET /api/products
2025-08-02 02:30:12,567 DEBUG [http-3] Cache hit for product list
2025-08-02 02:30:12,890 INFO [http-3] Response sent: 200 OK
2025-08-02 03:45:23,123 ERROR [worker-3] Timeout processing job #9012
2025-08-02 03:45:23,456 DEBUG [worker-3] Job details: type=export, size=1.2GB
2025-08-02 03:45:23,789 INFO [worker-3] Job #9012 marked for retry
2025-08-02 04:00:01,012 INFO [http-4] Incoming request: PUT /api/users/123
2025-08-02 04:00:01,345 DEBUG [http-4] Validating user data
2025-08-02 04:00:01,678 WARNING [http-4] Missing required field: email
2025-08-02 04:00:01,901 INFO [http-4] Response sent: 400 Bad Request
2025-08-02 06:15:34,234 ERROR [main] Unexpected shutdown detected
2025-08-02 06:15:34,567 DEBUG [main] Last operation: database flush
2025-08-02 06:15:34,890 INFO [main] Initiating recovery procedures
2025-08-02 06:30:45,123 INFO [main] Recovery completed successfully
2025-08-02 07:00:12,456 DEBUG [monitor] Network latency: 45ms
2025-08-02 07:00:12,789 WARNING [monitor] Network latency above threshold
2025-08-02 08:15:23,012 INFO [http-5] Incoming request: DELETE /api/orders/456
2025-08-02 08:15:23,345 DEBUG [http-5] Checking order status
2025-08-02 08:15:23,678 INFO [http-5] Response sent: 204 No Content
2025-08-03 00:00:01,901 ERROR [scheduler] Cron job failed: cleanup_temp_files
2025-08-03 00:00:02,234 DEBUG [scheduler] Error: Permission denied on /tmp/cache
2025-08-03 00:00:02,567 INFO [scheduler] Escalating to admin
2025-08-03 01:15:34,890 INFO [worker-4] Processing batch job #5678
2025-08-03 01:15:35,123 DEBUG [worker-4] Records processed: 1500/2000
2025-08-03 01:15:35,456 WARNING [worker-4] Slow processing detected
2025-08-03 01:15:35,789 INFO [worker-4] Batch job #5678 completed
2025-08-03 02:30:45,012 ERROR [http-6] Authentication failure for user: test_user
2025-08-03 02:30:45,345 DEBUG [http-6] Invalid token format
2025-08-03 02:30:45,678 INFO [http-6] Response sent: 401 Unauthorized
2025-08-03 03:00:12,901 INFO [monitor] System health check: CPU 60%, Memory 55%
2025-08-03 03:00:13,234 DEBUG [monitor] Disk I/O: 120MB/s
2025-08-03 03:00:13,567 WARNING [monitor] Disk I/O approaching limit
2025-08-03 04:15:23,890 INFO [http-7] Incoming request: GET /api/reports
2025-08-03 04:15:24,123 DEBUG [http-7] Generating report for Q2-2025
2025-08-03 04:15:24,456 INFO [http-7] Response sent: 200 OK
2025-08-03 06:00:01,789 ERROR [worker-5] OutOfMemoryError in processLargeDataset()
2025-08-03 06:00:02,012 DEBUG [worker-5] Dataset size: 3.5GB
2025-08-03 06:00:02,345 INFO [worker-5] Reducing batch size and retrying
2025-08-03 07:15:34,678 INFO [main] System metrics snapshot created
2025-08-03 07:15:34,901 DEBUG [main] Snapshot size: 750KB
2025-08-03 07:15:35,234 WARNING [main] Snapshot compression ratio low
2025-08-04 00:30:45,567 ERROR [scheduler] Cron job failed: nightly_audit
2025-08-04 00:30:45,890 DEBUG [scheduler] Error: Database deadlock detected
2025-08-04 00:30:46,123 INFO [scheduler] Retrying in 5 minutes
2025-08-04 01:00:12,456 INFO [http-8] Incoming request: POST /api/transactions
2025-08-04 01:00:12,789 DEBUG [http-8] Transaction amount: $450.23
2025-08-04 01:00:13,012 WARNING [http-8] High transaction amount detected
2025-08-04 01:00:13,345 INFO [http-8] Response sent: 201 Created
2025-08-04 02:15:23,678 ERROR [worker-6] IOException in exportData()
2025-08-04 02:15:23,901 DEBUG [worker-6] Error: Network unreachable
2025-08-04 02:15:24,234